[2026-07-08 20:09:10] INFO: Cache cleared.
[2026-07-08 20:09:10] INFO: Cache miss for key: test
[2026-07-08 20:09:10] INFO: Cache miss for key: test
[2026-07-08 20:09:10] INFO: Cache miss for key: test
[2026-07-08 20:09:10] INFO: Cache cleared.
[2026-07-08 20:09:12] INFO: Cache miss for key: test
[2026-07-08 20:09:23] INFO: Cache hit for key: test
[2026-07-08 20:09:23] INFO: Cache hit for key: test
[2026-07-08 20:09:23] INFO: Cache hit for key: test
[2026-07-08 20:09:23] INFO: Cache cleared.
[2026-07-08 20:09:25] INFO: Cache expired for key: test
[2026-07-08 20:10:20] INFO: Cache cleared.
[2026-07-08 20:30:56] INFO: Cache hit for key: test
[2026-07-08 20:31:10] INFO: Cache hit for key: test
[2026-07-08 20:31:40] INFO: Cache hit for key: test
[2026-07-08 20:31:53] INFO: Cache hit for key: test
[2026-07-08 20:32:10] INFO: Cache hit for key: test
[2026-07-08 20:32:11] INFO: Test job handled successfully!
[2026-07-08 20:32:24] INFO: Cache hit for key: test
[2026-07-08 20:32:24] INFO: Test job handled successfully!
[2026-07-08 20:33:34] INFO: Cache hit for key: test
[2026-07-08 20:33:35] INFO: Test job handled successfully!
[2026-07-08 20:34:02] INFO: Cache hit for key: test
[2026-07-08 20:34:02] INFO: Cache hit for key: test
[2026-07-08 20:34:02] INFO: Cache hit for key: test
[2026-07-08 20:34:02] INFO: Cache cleared.
[2026-07-08 20:34:04] INFO: Cache expired for key: test
[2026-07-08 20:34:56] INFO: Test job handled successfully!
[2026-07-08 20:35:35] INFO: File deleted: test.txt
[2026-07-08 20:35:35] INFO: File deleted: test.txt
[2026-07-08 20:35:35] INFO: Directory created: test
[2026-07-08 20:35:35] INFO: Directory deleted: test
[2026-07-08 20:35:45] INFO: This is an info message.
[2026-07-08 20:35:45] WARNING: This is a warning message.
[2026-07-08 20:35:45] ERROR: This is an error message.
[2026-07-08 20:37:36] INFO: Cache hit for key: test
[2026-07-08 20:37:36] INFO: Cache hit for key: test
[2026-07-08 20:37:36] INFO: Cache miss for key: remember_test
[2026-07-08 20:37:36] INFO: Cache cleared.
[2026-07-08 20:37:38] INFO: Cache expired for key: test
[2026-07-08 20:37:38] INFO: File deleted: test.txt
[2026-07-08 20:37:38] INFO: File deleted: test.txt
[2026-07-08 20:37:38] INFO: Directory created: test
[2026-07-08 20:37:38] INFO: Directory deleted: test
[2026-07-08 20:39:01] INFO: Cache hit for key: test
[2026-07-08 20:39:01] INFO: Cache hit for key: test
[2026-07-08 20:39:01] INFO: Cache miss for key: remember_test
[2026-07-08 20:39:01] INFO: Cache cleared.
[2026-07-08 20:39:03] INFO: Cache expired for key: test
[2026-07-08 20:57:32] INFO: Cache hit for key: test
[2026-07-08 20:57:32] INFO: Test job handled successfully!
[2026-07-08 20:57:41] INFO: Cache hit for key: test
[2026-07-08 20:57:41] INFO: Test job handled successfully!
[2026-07-08 22:03:24] INFO: Cache hit for key: test
[2026-07-08 22:03:24] INFO: Test job handled successfully!
